[
    {
        "user_id": "4e8a8ab6-3295-11ef-90b7-bae8ac110004",
        "request": {
            "url": "https://api-sotasty.ent-sessionm.com/priv/v1/apps/eb572ef4244feabe1db4764e1520b80958d62803/users/4e8a8ab6-3295-11ef-90b7-bae8ac110004/models/user_profile",
            "headers": {
                "Content-Type": "application/json",
                "Authorization": "Basic ZWI1NzJlZjQyNDRmZWFiZTFkYjQ3NjRlMTUyMGI4MDk1OGQ2MjgwMzoxNGMyYzg4ZTgxMTE0NDg2ZTQyZTY0NjNjNTc3ZjAwM2QzZjM5M2Y5"
            },
            "body": {
                "user_profile": {
                    "is_anomalous": true
                }
            }
        },
        "response": {
            "status": "ok",
            "user_profile": {
                "_version": 2,
                "is_anomalous": true
            }
        }
    },
    {
        "user_id": "4e899f16-3295-11ef-8ba7-95e4ac110003",
        "request": {
            "url": "https://api-sotasty.ent-sessionm.com/priv/v1/apps/eb572ef4244feabe1db4764e1520b80958d62803/users/4e899f16-3295-11ef-8ba7-95e4ac110003/models/user_profile",
            "headers": {
                "Content-Type": "application/json",
                "Authorization": "Basic ZWI1NzJlZjQyNDRmZWFiZTFkYjQ3NjRlMTUyMGI4MDk1OGQ2MjgwMzoxNGMyYzg4ZTgxMTE0NDg2ZTQyZTY0NjNjNTc3ZjAwM2QzZjM5M2Y5"
            },
            "body": {
                "user_profile": {
                    "is_anomalous": true
                }
            }
        },
        "response": {
            "status": "ok",
            "user_profile": {
                "_version": 2,
                "is_anomalous": true
            }
        }
    },
    {
        "user_id": "4e899994-3295-11ef-8a45-075eac110004",
        "request": {
            "url": "https://api-sotasty.ent-sessionm.com/priv/v1/apps/eb572ef4244feabe1db4764e1520b80958d62803/users/4e899994-3295-11ef-8a45-075eac110004/models/user_profile",
            "headers": {
                "Content-Type": "application/json",
                "Authorization": "Basic ZWI1NzJlZjQyNDRmZWFiZTFkYjQ3NjRlMTUyMGI4MDk1OGQ2MjgwMzoxNGMyYzg4ZTgxMTE0NDg2ZTQyZTY0NjNjNTc3ZjAwM2QzZjM5M2Y5"
            },
            "body": {
                "user_profile": {
                    "is_anomalous": true
                }
            }
        },
        "response": {
            "status": "ok",
            "user_profile": {
                "_version": 2,
                "is_anomalous": true
            }
        }
    },
    {
        "user_id": "4e8a463c-3295-11ef-81f2-05baac110003",
        "request": {
            "url": "https://api-sotasty.ent-sessionm.com/priv/v1/apps/eb572ef4244feabe1db4764e1520b80958d62803/users/4e8a463c-3295-11ef-81f2-05baac110003/models/user_profile",
            "headers": {
                "Content-Type": "application/json",
                "Authorization": "Basic ZWI1NzJlZjQyNDRmZWFiZTFkYjQ3NjRlMTUyMGI4MDk1OGQ2MjgwMzoxNGMyYzg4ZTgxMTE0NDg2ZTQyZTY0NjNjNTc3ZjAwM2QzZjM5M2Y5"
            },
            "body": {
                "user_profile": {
                    "is_anomalous": true
                }
            }
        },
        "response": {
            "status": "ok",
            "user_profile": {
                "_version": 2,
                "is_anomalous": true
            }
        }
    },
    {
        "user_id": "4e85c116-3295-11ef-857a-6af1ac110004",
        "request": {
            "url": "https://api-sotasty.ent-sessionm.com/priv/v1/apps/eb572ef4244feabe1db4764e1520b80958d62803/users/4e85c116-3295-11ef-857a-6af1ac110004/models/user_profile",
            "headers": {
                "Content-Type": "application/json",
                "Authorization": "Basic ZWI1NzJlZjQyNDRmZWFiZTFkYjQ3NjRlMTUyMGI4MDk1OGQ2MjgwMzoxNGMyYzg4ZTgxMTE0NDg2ZTQyZTY0NjNjNTc3ZjAwM2QzZjM5M2Y5"
            },
            "body": {
                "user_profile": {
                    "is_anomalous": true
                }
            }
        },
        "response": {
            "status": "ok",
            "user_profile": {
                "_version": 2,
                "is_anomalous": true
            }
        }
    },
    {
        "user_id": "4e8a4d80-3295-11ef-96b1-deb5ac110003",
        "request": {
            "url": "https://api-sotasty.ent-sessionm.com/priv/v1/apps/eb572ef4244feabe1db4764e1520b80958d62803/users/4e8a4d80-3295-11ef-96b1-deb5ac110003/models/user_profile",
            "headers": {
                "Content-Type": "application/json",
                "Authorization": "Basic ZWI1NzJlZjQyNDRmZWFiZTFkYjQ3NjRlMTUyMGI4MDk1OGQ2MjgwMzoxNGMyYzg4ZTgxMTE0NDg2ZTQyZTY0NjNjNTc3ZjAwM2QzZjM5M2Y5"
            },
            "body": {
                "user_profile": {
                    "is_anomalous": true
                }
            }
        },
        "response": {
            "status": "ok",
            "user_profile": {
                "_version": 2,
                "is_anomalous": true
            }
        }
    },
    {
        "user_id": "4e89810c-3295-11ef-9558-fa9cac110003",
        "request": {
            "url": "https://api-sotasty.ent-sessionm.com/priv/v1/apps/eb572ef4244feabe1db4764e1520b80958d62803/users/4e89810c-3295-11ef-9558-fa9cac110003/models/user_profile",
            "headers": {
                "Content-Type": "application/json",
                "Authorization": "Basic ZWI1NzJlZjQyNDRmZWFiZTFkYjQ3NjRlMTUyMGI4MDk1OGQ2MjgwMzoxNGMyYzg4ZTgxMTE0NDg2ZTQyZTY0NjNjNTc3ZjAwM2QzZjM5M2Y5"
            },
            "body": {
                "user_profile": {
                    "is_anomalous": true
                }
            }
        },
        "response": {
            "status": "ok",
            "user_profile": {
                "_version": 2,
                "is_anomalous": true
            }
        }
    },
    {
        "user_id": "4e8704f4-3295-11ef-8c43-e022ac110004",
        "request": {
            "url": "https://api-sotasty.ent-sessionm.com/priv/v1/apps/eb572ef4244feabe1db4764e1520b80958d62803/users/4e8704f4-3295-11ef-8c43-e022ac110004/models/user_profile",
            "headers": {
                "Content-Type": "application/json",
                "Authorization": "Basic ZWI1NzJlZjQyNDRmZWFiZTFkYjQ3NjRlMTUyMGI4MDk1OGQ2MjgwMzoxNGMyYzg4ZTgxMTE0NDg2ZTQyZTY0NjNjNTc3ZjAwM2QzZjM5M2Y5"
            },
            "body": {
                "user_profile": {
                    "is_anomalous": true
                }
            }
        },
        "response": {
            "status": "ok",
            "user_profile": {
                "_version": 2,
                "is_anomalous": true
            }
        }
    },
    {
        "user_id": "4e8a131a-3295-11ef-844a-93b6ac110003",
        "request": {
            "url": "https://api-sotasty.ent-sessionm.com/priv/v1/apps/eb572ef4244feabe1db4764e1520b80958d62803/users/4e8a131a-3295-11ef-844a-93b6ac110003/models/user_profile",
            "headers": {
                "Content-Type": "application/json",
                "Authorization": "Basic ZWI1NzJlZjQyNDRmZWFiZTFkYjQ3NjRlMTUyMGI4MDk1OGQ2MjgwMzoxNGMyYzg4ZTgxMTE0NDg2ZTQyZTY0NjNjNTc3ZjAwM2QzZjM5M2Y5"
            },
            "body": {
                "user_profile": {
                    "is_anomalous": true
                }
            }
        },
        "response": {
            "status": "ok",
            "user_profile": {
                "_version": 2,
                "is_anomalous": true
            }
        }
    },
    {
        "user_id": "4e869b86-3295-11ef-8c14-df68ac110004",
        "request": {
            "url": "https://api-sotasty.ent-sessionm.com/priv/v1/apps/eb572ef4244feabe1db4764e1520b80958d62803/users/4e869b86-3295-11ef-8c14-df68ac110004/models/user_profile",
            "headers": {
                "Content-Type": "application/json",
                "Authorization": "Basic ZWI1NzJlZjQyNDRmZWFiZTFkYjQ3NjRlMTUyMGI4MDk1OGQ2MjgwMzoxNGMyYzg4ZTgxMTE0NDg2ZTQyZTY0NjNjNTc3ZjAwM2QzZjM5M2Y5"
            },
            "body": {
                "user_profile": {
                    "is_anomalous": true
                }
            }
        },
        "response": {
            "status": "ok",
            "user_profile": {
                "_version": 2,
                "is_anomalous": true
            }
        }
    },
    {
        "user_id": "4e8a40f6-3295-11ef-8cf4-0cefac110003",
        "request": {
            "url": "https://api-sotasty.ent-sessionm.com/priv/v1/apps/eb572ef4244feabe1db4764e1520b80958d62803/users/4e8a40f6-3295-11ef-8cf4-0cefac110003/models/user_profile",
            "headers": {
                "Content-Type": "application/json",
                "Authorization": "Basic ZWI1NzJlZjQyNDRmZWFiZTFkYjQ3NjRlMTUyMGI4MDk1OGQ2MjgwMzoxNGMyYzg4ZTgxMTE0NDg2ZTQyZTY0NjNjNTc3ZjAwM2QzZjM5M2Y5"
            },
            "body": {
                "user_profile": {
                    "is_anomalous": true
                }
            }
        },
        "response": {
            "status": "ok",
            "user_profile": {
                "_version": 2,
                "is_anomalous": true
            }
        }
    },
    {
        "user_id": "4e892aea-3295-11ef-95ca-154aac110006",
        "request": {
            "url": "https://api-sotasty.ent-sessionm.com/priv/v1/apps/eb572ef4244feabe1db4764e1520b80958d62803/users/4e892aea-3295-11ef-95ca-154aac110006/models/user_profile",
            "headers": {
                "Content-Type": "application/json",
                "Authorization": "Basic ZWI1NzJlZjQyNDRmZWFiZTFkYjQ3NjRlMTUyMGI4MDk1OGQ2MjgwMzoxNGMyYzg4ZTgxMTE0NDg2ZTQyZTY0NjNjNTc3ZjAwM2QzZjM5M2Y5"
            },
            "body": {
                "user_profile": {
                    "is_anomalous": true
                }
            }
        },
        "response": {
            "status": "ok",
            "user_profile": {
                "_version": 2,
                "is_anomalous": true
            }
        }
    },
    {
        "user_id": "4e89f8b2-3295-11ef-9bad-32ebac110004",
        "request": {
            "url": "https://api-sotasty.ent-sessionm.com/priv/v1/apps/eb572ef4244feabe1db4764e1520b80958d62803/users/4e89f8b2-3295-11ef-9bad-32ebac110004/models/user_profile",
            "headers": {
                "Content-Type": "application/json",
                "Authorization": "Basic ZWI1NzJlZjQyNDRmZWFiZTFkYjQ3NjRlMTUyMGI4MDk1OGQ2MjgwMzoxNGMyYzg4ZTgxMTE0NDg2ZTQyZTY0NjNjNTc3ZjAwM2QzZjM5M2Y5"
            },
            "body": {
                "user_profile": {
                    "is_anomalous": true
                }
            }
        },
        "response": {
            "status": "ok",
            "user_profile": {
                "_version": 2,
                "is_anomalous": true
            }
        }
    },
    {
        "user_id": "4e8ac63e-3295-11ef-8a96-2123ac110003",
        "request": {
            "url": "https://api-sotasty.ent-sessionm.com/priv/v1/apps/eb572ef4244feabe1db4764e1520b80958d62803/users/4e8ac63e-3295-11ef-8a96-2123ac110003/models/user_profile",
            "headers": {
                "Content-Type": "application/json",
                "Authorization": "Basic ZWI1NzJlZjQyNDRmZWFiZTFkYjQ3NjRlMTUyMGI4MDk1OGQ2MjgwMzoxNGMyYzg4ZTgxMTE0NDg2ZTQyZTY0NjNjNTc3ZjAwM2QzZjM5M2Y5"
            },
            "body": {
                "user_profile": {
                    "is_anomalous": true
                }
            }
        },
        "response": {
            "status": "ok",
            "user_profile": {
                "_version": 2,
                "is_anomalous": true
            }
        }
    }
]